#
# There is insufficient memory for the Java Runtime Environment to continue.
# Native memory allocation (malloc) failed to allocate 1048576 bytes for AllocateHeap
# Possible reasons:
#   The system is out of physical RAM or swap space
#   The process is running with CompressedOops enabled, and the Java Heap may be blocking the growth of the native heap
# Possible solutions:
#   Reduce memory load on the system
#   Increase physical memory or swap space
#   Check if swap backing store is full
#   Decrease Java heap size (-Xmx/-Xms)
#   Decrease number of Java threads
#   Decrease Java thread stack sizes (-Xss)
#   Set larger code cache with -XX:ReservedCodeCacheSize=
#   JVM is running with Unscaled Compressed Oops mode in which the Java heap is
#     placed in the first 4GB address space. The Java Heap base address is the
#     maximum limit for the native heap growth. Please use -XX:HeapBaseMinAddress
#     to set the Java Heap base and to place the Java Heap above 4GB virtual address.
# This output file may be truncated or incomplete.
#
#  Out of Memory Error (./open/src/hotspot/share/memory/allocation.cpp:44), pid=4864, tid=6680
#
# JRE version: OpenJDK Runtime Environment (15.0.2+7) (build 15.0.2+7-27)
# Java VM: OpenJDK 64-Bit Server VM (15.0.2+7-27, mixed mode, tiered, compressed oops, g1 gc, windows-amd64)
# No core dump will be written. Minidumps are not enabled by default on client versions of Windows
#

---------------  S U M M A R Y ------------

Command Line: -Dcom.sun.management.jmxremote -Dcom.sun.management.jmxremote.port=52864 -Dcom.sun.management.jmxremote.authenticate=false -Dcom.sun.management.jmxremote.ssl=false -Djava.rmi.server.hostname=localhost -Dspring.jmx.enabled=true -Dspring.application.admin.enabled=true -XX:TieredStopAtLevel=1 -Dspring.boot.project.name=backendninja -Dfile.encoding=UTF-8 -XX:+ShowCodeDetailsInExceptionMessages com.udemy.BackendninjaApplication

Host: AMD A8-7410 APU with AMD Radeon R5 Graphics    , 4 cores, 3G,  Windows 10 , 64 bit Build 17763 (10.0.17763.1879)
Time: Sat May  1 16:57:23 2021 Hora est. Pacífico, Sudamérica elapsed time: 7.912574 seconds (0d 0h 0m 7s)

---------------  T H R E A D  ---------------

Current thread (0x000001ed113bd290):  VMThread "VM Thread" [stack: 0x0000002be3100000,0x0000002be3200000] [id=6680]

Stack: [0x0000002be3100000,0x0000002be3200000]
[error occurred during error reporting (printing stack bounds), id 0xc0000005, EXCEPTION_ACCESS_VIOLATION (0xc0000005) at pc=0x000001ed000010ad]

Native frames: (J=compiled Java code, j=interpreted, Vv=VM code, C=native code)
V  [jvm.dll+0x62ae9a]
V  [jvm.dll+0x7817a9]
V  [jvm.dll+0x782f03]
V  [jvm.dll+0x7834c5]
V  [jvm.dll+0x78347b]
V  [jvm.dll+0x62a2b9]
V  [jvm.dll+0x62aa88]
C  [ntdll.dll+0xa492f]
C  [ntdll.dll+0x4cef]
C  [ntdll.dll+0xa369e]
C  0x000001ed000010ad

VM_Operation (0x0000002be2bfbb30): CollectForMetadataAllocation, mode: safepoint, requested by thread 0x000001ed7a42f910


---------------  P R O C E S S  ---------------

Threads class SMR info:
_java_thread_list=0x000001ed1402da20, length=21, elements={
0x000001ed7a42f910, 0x000001ed113f3010, 0x000001ed113f59e0, 0x000001ed1141f2b0,
0x000001ed1141fb70, 0x000001ed11420ff0, 0x000001ed11426630, 0x000001ed11427af0,
0x000001ed11da2030, 0x000001ed11f21dc0, 0x000001ed123fa7d0, 0x000001ed12457290,
0x000001ed123f3290, 0x000001ed1244dae0, 0x000001ed12480a30, 0x000001ed124792a0,
0x000001ed124d9d10, 0x000001ed1295d890, 0x000001ed12959ed0, 0x000001ed1295c080,
0x000001ed1295c550
}

Java Threads: ( => current thread )
  0x000001ed7a42f910 JavaThread "main" [_thread_blocked, id=5664, stack(0x0000002be2b00000,0x0000002be2c00000)]
  0x000001ed113f3010 JavaThread "Reference Handler" daemon [_thread_blocked, id=6036, stack(0x0000002be3200000,0x0000002be3300000)]
  0x000001ed113f59e0 JavaThread "Finalizer" daemon [_thread_blocked, id=7528, stack(0x0000002be3300000,0x0000002be3400000)]
  0x000001ed1141f2b0 JavaThread "Signal Dispatcher" daemon [_thread_blocked, id=3776, stack(0x0000002be3400000,0x0000002be3500000)]
  0x000001ed1141fb70 JavaThread "Attach Listener" daemon [_thread_blocked, id=1124, stack(0x0000002be3500000,0x0000002be3600000)]
  0x000001ed11420ff0 JavaThread "Service Thread" daemon [_thread_blocked, id=460, stack(0x0000002be3600000,0x0000002be3700000)]
  0x000001ed11426630 JavaThread "C1 CompilerThread0" daemon [_thread_blocked, id=6080, stack(0x0000002be3700000,0x0000002be3800000)]
  0x000001ed11427af0 JavaThread "Sweeper thread" daemon [_thread_blocked, id=2296, stack(0x0000002be3800000,0x0000002be3900000)]
  0x000001ed11da2030 JavaThread "Common-Cleaner" daemon [_thread_blocked, id=10092, stack(0x0000002be3900000,0x0000002be3a00000)]
  0x000001ed11f21dc0 JavaThread "Notification Thread" daemon [_thread_blocked, id=6224, stack(0x0000002be3a00000,0x0000002be3b00000)]
  0x000001ed123fa7d0 JavaThread "RMI TCP Accept-0" daemon [_thread_in_native, id=8964, stack(0x0000002be3c00000,0x0000002be3d00000)]
  0x000001ed12457290 JavaThread "RMI TCP Accept-52864" daemon [_thread_in_native, id=5512, stack(0x0000002be3d00000,0x0000002be3e00000)]
  0x000001ed123f3290 JavaThread "RMI TCP Connection(1)-127.0.0.1" daemon [_thread_in_native, id=7412, stack(0x0000002be3e00000,0x0000002be3f00000)]
  0x000001ed1244dae0 JavaThread "RMI TCP Connection(2)-127.0.0.1" daemon [_thread_in_native, id=1992, stack(0x0000002be3f00000,0x0000002be4000000)]
  0x000001ed12480a30 JavaThread "RMI Scheduler(0)" daemon [_thread_blocked, id=10076, stack(0x0000002be4000000,0x0000002be4100000)]
  0x000001ed124792a0 JavaThread "JMX server connection timeout 19" daemon [_thread_blocked, id=9796, stack(0x0000002be4100000,0x0000002be4200000)]
  0x000001ed124d9d10 JavaThread "RMI TCP Accept-0" daemon [_thread_in_native, id=456, stack(0x0000002be4200000,0x0000002be4300000)]
  0x000001ed1295d890 JavaThread "Catalina-utility-1" [_thread_blocked, id=9284, stack(0x0000002be4800000,0x0000002be4900000)]
  0x000001ed12959ed0 JavaThread "Catalina-utility-2" [_thread_blocked, id=8508, stack(0x0000002be4b00000,0x0000002be4c00000)]
  0x000001ed1295c080 JavaThread "container-0" [_thread_blocked, id=4880, stack(0x0000002be4c00000,0x0000002be4d00000)]
  0x000001ed1295c550 JavaThread "mysql-cj-abandoned-connection-cleanup" daemon [_thread_blocked, id=8268, stack(0x0000002be4d00000,0x0000002be4e00000)]

Other Threads:
=>0x000001ed113bd290 VMThread "VM Thread" [stack: 0x0000002be3100000,0x0000002be3200000] [id=6680]
  0x000001ed124da1e0 WatcherThread [stack: 0x0000002be4300000,0x0000002be4400000] [id=9408]
  0x000001ed7a45e950 GCTaskThread "GC Thread#0" [stack: 0x0000002be2c00000,0x0000002be2d00000] [id=4708]
  0x000001ed12593410 GCTaskThread "GC Thread#1" [stack: 0x0000002be4400000,0x0000002be4500000] [id=9972]
  0x000001ed12590110 GCTaskThread "GC Thread#2" [stack: 0x0000002be4900000,0x0000002be4a00000] [id=380]
  0x000001ed125930e0 GCTaskThread "GC Thread#3" [stack: 0x0000002be4a00000,0x0000002be4b00000] [id=8784]
  0x000001ed7a467330 ConcurrentGCThread "G1 Main Marker" [stack: 0x0000002be2d00000,0x0000002be2e00000] [id=4128]
  0x000001ed7a467e30 ConcurrentGCThread "G1 Conc#0" [stack: 0x0000002be2e00000,0x0000002be2f00000] [id=6284]
  0x000001ed7a4a6710 ConcurrentGCThread "G1 Refine#0" [stack: 0x0000002be2f00000,0x0000002be3000000] [id=3460]
  0x000001ed124fa9e0 ConcurrentGCThread "G1 Refine#1" [stack: 0x0000002be4500000,0x0000002be4600000] [id=1284]
  0x000001ed1254fcc0 ConcurrentGCThread "G1 Refine#2" [stack: 0x0000002be4600000,0x0000002be4700000] [id=9696]
  0x000001ed12550020 ConcurrentGCThread "G1 Refine#3" [stack: 0x0000002be4700000,0x0000002be4800000] [id=2160]
  0x000001ed7a4a7de0 ConcurrentGCThread "G1 Young RemSet Sampling" [stack: 0x0000002be3000000,0x0000002be3100000] [id=7252]

Threads with active compile tasks:

VM state: at safepoint (normal execution)

VM Mutex/Monitor currently owned by a thread:  ([mutex/lock_event])
[0x000001ed7a42ccc0] Threads_lock - owner thread: 0x000001ed113bd290
[0x000001ed7a42b880] Heap_lock - owner thread: 0x000001ed7a42f910

Heap address: 0x00000000c9200000, size: 878 MB, Compressed Oops mode: 32-bit
CDS disabled.
Compressed class space mapped at: 0x0000000100000000-0x0000000140000000, size: 1073741824
Narrow klass base: 0x0000000000000000, Narrow klass shift: 3, Narrow klass range: 0x140000000

GC Precious Log:
 CPUs: 4 total, 4 available
 Memory: 3504M
 Large Page Support: Disabled
 NUMA Support: Disabled
 Compressed Oops: Enabled (32-bit)
 Heap Region Size: 1M
 Heap Min Capacity: 8M
 Heap Initial Capacity: 56M
 Heap Max Capacity: 878M
 Pre-touch: Disabled
 Parallel Workers: 4
 Concurrent Workers: 1
 Concurrent Refinement Workers: 4
 Periodic GC: Disabled

Heap:
 garbage-first heap   total 61440K, used 19746K [0x00000000c9200000, 0x0000000100000000)
  region size 1024K, 4 young (4096K), 4 survivors (4096K)
 Metaspace       used 46048K, capacity 46448K, committed 46584K, reserved 1097728K
  class space    used 5865K, capacity 5992K, committed 6016K, reserved 1048576K

Heap Regions: E=young(eden), S=young(survivor), O=old, HS=humongous(starts), HC=humongous(continues), CS=collection set, F=free, OA=open archive, CA=closed archive, TAMS=top-at-mark-start (previous, next)
|   0|0x00000000c9200000, 0x00000000c9300000, 0x00000000c9300000|100%|HS|  |TAMS 0x00000000c9300000, 0x00000000c9300000| Complete 
|   1|0x00000000c9300000, 0x00000000c9400000, 0x00000000c9400000|100%| O|  |TAMS 0x00000000c9400000, 0x00000000c9400000| Untracked 
|   2|0x00000000c9400000, 0x00000000c9500000, 0x00000000c9500000|100%| O|  |TAMS 0x00000000c9500000, 0x00000000c9500000| Untracked 
|   3|0x00000000c9500000, 0x00000000c9600000, 0x00000000c9600000|100%| O|  |TAMS 0x00000000c9600000, 0x00000000c9600000| Untracked 
|   4|0x00000000c9600000, 0x00000000c9700000, 0x00000000c9700000|100%| O|  |TAMS 0x00000000c9700000, 0x00000000c9700000| Untracked 
|   5|0x00000000c9700000, 0x00000000c9800000, 0x00000000c9800000|100%| O|  |TAMS 0x00000000c9800000, 0x00000000c9800000| Untracked 
|   6|0x00000000c9800000, 0x00000000c9900000, 0x00000000c9900000|100%| O|  |TAMS 0x00000000c9900000, 0x00000000c9900000| Untracked 
|   7|0x00000000c9900000, 0x00000000c995ea00, 0x00000000c9a00000| 36%| O|  |TAMS 0x00000000c995ea00, 0x00000000c995ea00| Untracked 
|   8|0x00000000c9a00000, 0x00000000c9b00000, 0x00000000c9b00000|100%| O|  |TAMS 0x00000000c9b00000, 0x00000000c9b00000| Untracked 
|   9|0x00000000c9b00000, 0x00000000c9c00000, 0x00000000c9c00000|100%| O|  |TAMS 0x00000000c9c00000, 0x00000000c9c00000| Untracked 
|  10|0x00000000c9c00000, 0x00000000c9d00000, 0x00000000c9d00000|100%| O|  |TAMS 0x00000000c9d00000, 0x00000000c9d00000| Untracked 
|  11|0x00000000c9d00000, 0x00000000c9e00000, 0x00000000c9e00000|100%| O|  |TAMS 0x00000000c9e00000, 0x00000000c9e00000| Untracked 
|  12|0x00000000c9e00000, 0x00000000c9f00000, 0x00000000c9f00000|100%| O|  |TAMS 0x00000000c9f00000, 0x00000000c9f00000| Untracked 
|  13|0x00000000c9f00000, 0x00000000ca000000, 0x00000000ca000000|100%| O|  |TAMS 0x00000000ca000000, 0x00000000ca000000| Untracked 
|  14|0x00000000ca000000, 0x00000000ca100000, 0x00000000ca100000|100%| O|  |TAMS 0x00000000ca100000, 0x00000000ca100000| Untracked 
|  15|0x00000000ca100000, 0x00000000ca200000, 0x00000000ca200000|100%| O|  |TAMS 0x00000000ca200000, 0x00000000ca200000| Untracked 
|  16|0x00000000ca200000, 0x00000000ca2c2c00, 0x00000000ca300000| 76%| O|  |TAMS 0x00000000ca2c2c00, 0x00000000ca2c2c00| Untracked 
|  17|0x00000000ca300000, 0x00000000ca300000, 0x00000000ca400000|  0%| F|  |TAMS 0x00000000ca300000, 0x00000000ca300000| Untracked 
|  18|0x00000000ca400000, 0x00000000ca400000, 0x00000000ca500000|  0%| F|  |TAMS 0x00000000ca400000, 0x00000000ca400000| Untracked 
|  19|0x00000000ca500000, 0x00000000ca500000, 0x00000000ca600000|  0%| F|  |TAMS 0x00000000ca500000, 0x00000000ca500000| Untracked 
|  20|0x00000000ca600000, 0x00000000ca600000, 0x00000000ca700000|  0%| F|  |TAMS 0x00000000ca600000, 0x00000000ca600000| Untracked 
|  21|0x00000000ca700000, 0x00000000ca700000, 0x00000000ca800000|  0%| F|  |TAMS 0x00000000ca700000, 0x00000000ca700000| Untracked 
|  22|0x00000000ca800000, 0x00000000ca800000, 0x00000000ca900000|  0%| F|  |TAMS 0x00000000ca800000, 0x00000000ca800000| Untracked 
|  23|0x00000000ca900000, 0x00000000ca900000, 0x00000000caa00000|  0%| F|  |TAMS 0x00000000ca900000, 0x00000000ca900000| Untracked 
|  24|0x00000000caa00000, 0x00000000caa00000, 0x00000000cab00000|  0%| F|  |TAMS 0x00000000caa00000, 0x00000000caa00000| Untracked 
|  25|0x00000000cab00000, 0x00000000cab00000, 0x00000000cac00000|  0%| F|  |TAMS 0x00000000cab00000, 0x00000000cab00000| Untracked 
|  26|0x00000000cac00000, 0x00000000cac00000, 0x00000000cad00000|  0%| F|  |TAMS 0x00000000cac00000, 0x00000000cac00000| Untracked 
|  27|0x00000000cad00000, 0x00000000cad00000, 0x00000000cae00000|  0%| F|  |TAMS 0x00000000cad00000, 0x00000000cad00000| Untracked 
|  28|0x00000000cae00000, 0x00000000cae00000, 0x00000000caf00000|  0%| F|  |TAMS 0x00000000cae00000, 0x00000000cae00000| Untracked 
|  29|0x00000000caf00000, 0x00000000caf00000, 0x00000000cb000000|  0%| F|  |TAMS 0x00000000caf00000, 0x00000000caf00000| Untracked 
|  30|0x00000000cb000000, 0x00000000cb000000, 0x00000000cb100000|  0%| F|  |TAMS 0x00000000cb000000, 0x00000000cb000000| Untracked 
|  31|0x00000000cb100000, 0x00000000cb100000, 0x00000000cb200000|  0%| F|  |TAMS 0x00000000cb100000, 0x00000000cb100000| Untracked 
|  32|0x00000000cb200000, 0x00000000cb200000, 0x00000000cb300000|  0%| F|  |TAMS 0x00000000cb200000, 0x00000000cb200000| Untracked 
|  33|0x00000000cb300000, 0x00000000cb300000, 0x00000000cb400000|  0%| F|  |TAMS 0x00000000cb300000, 0x00000000cb300000| Untracked 
|  34|0x00000000cb400000, 0x00000000cb400000, 0x00000000cb500000|  0%| F|  |TAMS 0x00000000cb400000, 0x00000000cb400000| Untracked 
|  35|0x00000000cb500000, 0x00000000cb500000, 0x00000000cb600000|  0%| F|  |TAMS 0x00000000cb500000, 0x00000000cb500000| Untracked 
|  36|0x00000000cb600000, 0x00000000cb600000, 0x00000000cb700000|  0%| F|  |TAMS 0x00000000cb600000, 0x00000000cb600000| Untracked 
|  37|0x00000000cb700000, 0x00000000cb700000, 0x00000000cb800000|  0%| F|  |TAMS 0x00000000cb700000, 0x00000000cb700000| Untracked 
|  38|0x00000000cb800000, 0x00000000cb800000, 0x00000000cb900000|  0%| F|  |TAMS 0x00000000cb800000, 0x00000000cb800000| Untracked 
|  39|0x00000000cb900000, 0x00000000cb900000, 0x00000000cba00000|  0%| F|  |TAMS 0x00000000cb900000, 0x00000000cb900000| Untracked 
|  40|0x00000000cba00000, 0x00000000cba00000, 0x00000000cbb00000|  0%| F|  |TAMS 0x00000000cba00000, 0x00000000cba00000| Untracked 
|  41|0x00000000cbb00000, 0x00000000cbb00000, 0x00000000cbc00000|  0%| F|  |TAMS 0x00000000cbb00000, 0x00000000cbb00000| Untracked 
|  42|0x00000000cbc00000, 0x00000000cbc00000, 0x00000000cbd00000|  0%| F|  |TAMS 0x00000000cbc00000, 0x00000000cbc00000| Untracked 
|  43|0x00000000cbd00000, 0x00000000cbd00000, 0x00000000cbe00000|  0%| F|  |TAMS 0x00000000cbd00000, 0x00000000cbd00000| Untracked 
|  44|0x00000000cbe00000, 0x00000000cbe00000, 0x00000000cbf00000|  0%| F|  |TAMS 0x00000000cbe00000, 0x00000000cbe00000| Untracked 
|  45|0x00000000cbf00000, 0x00000000cbf00000, 0x00000000cc000000|  0%| F|  |TAMS 0x00000000cbf00000, 0x00000000cbf00000| Untracked 
|  46|0x00000000cc000000, 0x00000000cc000000, 0x00000000cc100000|  0%| F|  |TAMS 0x00000000cc000000, 0x00000000cc000000| Untracked 
|  47|0x00000000cc100000, 0x00000000cc100000, 0x00000000cc200000|  0%| F|  |TAMS 0x00000000cc100000, 0x00000000cc100000| Untracked 
|  48|0x00000000cc200000, 0x00000000cc200000, 0x00000000cc300000|  0%| F|  |TAMS 0x00000000cc200000, 0x00000000cc200000| Untracked 
|  49|0x00000000cc300000, 0x00000000cc3275e0, 0x00000000cc400000| 15%| S|CS|TAMS 0x00000000cc300000, 0x00000000cc300000| Complete 
|  50|0x00000000cc400000, 0x00000000cc500000, 0x00000000cc500000|100%| S|CS|TAMS 0x00000000cc400000, 0x00000000cc400000| Complete 
|  51|0x00000000cc500000, 0x00000000cc600000, 0x00000000cc600000|100%| S|CS|TAMS 0x00000000cc500000, 0x00000000cc500000| Complete 
|  52|0x00000000cc600000, 0x00000000cc700000, 0x00000000cc700000|100%| S|CS|TAMS 0x00000000cc600000, 0x00000000cc600000| Complete 
|  53|0x00000000cc700000, 0x00000000cc700000, 0x00000000cc800000|  0%| F|  |TAMS 0x00000000cc700000, 0x00000000cc700000| Untracked 
|  54|0x00000000cc800000, 0x00000000cc800000, 0x00000000cc900000|  0%| F|  |TAMS 0x00000000cc800000, 0x00000000cc800000| Untracked 
|  55|0x00000000cc900000, 0x00000000cc900000, 0x00000000cca00000|  0%| F|  |TAMS 0x00000000cc900000, 0x00000000cc900000| Untracked 
|  56|0x00000000cca00000, 0x00000000cca00000, 0x00000000ccb00000|  0%| F|  |TAMS 0x00000000cca00000, 0x00000000cca00000| Untracked 
|  57|0x00000000ccb00000, 0x00000000ccb00000, 0x00000000ccc00000|  0%| F|  |TAMS 0x00000000ccb00000, 0x00000000ccb00000| Untracked 
|  58|0x00000000ccc00000, 0x00000000ccc00000, 0x00000000ccd00000|  0%| F|  |TAMS 0x00000000ccc00000, 0x00000000ccc00000| Untracked 
|  59|0x00000000ccd00000, 0x00000000ccd00000, 0x00000000cce00000|  0%| F|  |TAMS 0x00000000ccd00000, 0x00000000ccd00000| Untracked 

Card table byte_map: [0x000001ed7de30000,0x000001ed7dff0000] _byte_map_base: 0x000001ed7d7e7000

Marking Bits (Prev, Next): (CMBitMap*) 0x000001ed7a45f090, (CMBitMap*) 0x000001ed7a45f050
 Prev Bits: [0x000001ed7ef70000, 0x000001ed7fd28000)
 Next Bits: [0x000001ed7e1b0000, 0x000001ed7ef68000)

Polling page: 0x000001ed78360000

Metaspace:

Usage:
  Non-class:     39.51 MB capacity,    39.24 MB (>99%) used,   210.80 KB ( <1%) free+waste,    62.31 KB ( <1%) overhead. 
      Class:      5.85 MB capacity,     5.73 MB ( 98%) used,   102.09 KB (  2%) free+waste,    24.31 KB ( <1%) overhead. 
       Both:     45.36 MB capacity,    44.97 MB (>99%) used,   312.90 KB ( <1%) free+waste,    86.63 KB ( <1%) overhead. 

Virtual space:
  Non-class space:       48.00 MB reserved,      39.62 MB ( 83%) committed 
      Class space:        1.00 GB reserved,       5.88 MB ( <1%) committed 
             Both:        1.05 GB reserved,      45.49 MB (  4%) committed 

Chunk freelists:
   Non-Class:  112.00 KB
       Class:  24.00 KB
        Both:  136.00 KB

MaxMetaspaceSize: 17179869184.00 GB
CompressedClassSpaceSize: 1.00 GB

CodeHeap 'non-profiled nmethods': size=238912Kb used=5459Kb max_used=5459Kb free=233453Kb
 bounds [0x000001ed006b0000, 0x000001ed00c10000, 0x000001ed0f000000]
CodeHeap 'non-nmethods': size=6848Kb used=1241Kb max_used=1241Kb free=5606Kb
 bounds [0x000001ed00000000, 0x000001ed00270000, 0x000001ed006b0000]
 total_blobs=4069 nmethods=3547 adapters=450
 compilation: enabled
              stopped_count=0, restarted_count=0
 full_count=0

Compilation events (20 events):
Event: 7.840 Thread 0x000001ed11426630 3538       1       java.util.regex.Matcher::find (69 bytes)
Event: 7.840 Thread 0x000001ed11426630 nmethod 3538 0x000001ed00c01410 code [0x000001ed00c015a0, 0x000001ed00c016e8]
Event: 7.848 Thread 0x000001ed11426630 3539       1       jdk.internal.jimage.decompressor.CompressedResourceHeader::getSize (3 bytes)
Event: 7.848 Thread 0x000001ed11426630 nmethod 3539 0x000001ed00c01790 code [0x000001ed00c01920, 0x000001ed00c019b8]
Event: 7.851 Thread 0x000001ed11426630 3540       1       sun.nio.cs.ext.AbstractCharsetProvider::put (20 bytes)
Event: 7.852 Thread 0x000001ed11426630 nmethod 3540 0x000001ed00c01a90 code [0x000001ed00c01c40, 0x000001ed00c01d58]
Event: 7.854 Thread 0x000001ed11426630 3541       1       java.util.ImmutableCollections$AbstractImmutableList::iterator (13 bytes)
Event: 7.854 Thread 0x000001ed11426630 nmethod 3541 0x000001ed00c01e10 code [0x000001ed00c01fc0, 0x000001ed00c02168]
Event: 7.854 Thread 0x000001ed11426630 3542       1       java.util.ImmutableCollections$ListItr::<init> (25 bytes)
Event: 7.855 Thread 0x000001ed11426630 nmethod 3542 0x000001ed00c02210 code [0x000001ed00c023a0, 0x000001ed00c024b8]
Event: 7.867 Thread 0x000001ed11426630 3543       1       java.util.zip.Inflater::inflate (9 bytes)
Event: 7.868 Thread 0x000001ed11426630 nmethod 3543 0x000001ed00c02510 code [0x000001ed00c026a0, 0x000001ed00c02788]
Event: 7.875 Thread 0x000001ed11426630 3544       1       java.nio.ByteBuffer::array (35 bytes)
Event: 7.875 Thread 0x000001ed11426630 nmethod 3544 0x000001ed00c02890 code [0x000001ed00c02a40, 0x000001ed00c02c18]
Event: 7.876 Thread 0x000001ed11426630 3545       1       jdk.internal.jimage.ImageLocation::verifyName (187 bytes)
Event: 7.879 Thread 0x000001ed11426630 nmethod 3545 0x000001ed00c02d10 code [0x000001ed00c02f60, 0x000001ed00c03718]
Event: 7.896 Thread 0x000001ed11426630 3546       1       java.nio.charset.Charset::checkName (157 bytes)
Event: 7.897 Thread 0x000001ed11426630 nmethod 3546 0x000001ed00c03f10 code [0x000001ed00c040e0, 0x000001ed00c04498]
Event: 7.901 Thread 0x000001ed11426630 3547       1       com.mysql.cj.MysqlCharset::addEncodingMapping (33 bytes)
Event: 7.902 Thread 0x000001ed11426630 nmethod 3547 0x000001ed00c04790 code [0x000001ed00c04960, 0x000001ed00c04b18]

GC Heap History (20 events):
Event: 3.733 GC heap before
{Heap before GC invocations=5 (full 0):
 garbage-first heap   total 37888K, used 36212K [0x00000000c9200000, 0x0000000100000000)
  region size 1024K, 29 young (29696K), 2 survivors (2048K)
 Metaspace       used 26335K, capacity 26683K, committed 26880K, reserved 1073152K
  class space    used 3195K, capacity 3305K, committed 3328K, reserved 1048576K
}
Event: 3.742 GC heap after
{Heap after GC invocations=6 (full 0):
 garbage-first heap   total 41984K, used 11163K [0x00000000c9200000, 0x0000000100000000)
  region size 1024K, 4 young (4096K), 4 survivors (4096K)
 Metaspace       used 26335K, capacity 26683K, committed 26880K, reserved 1073152K
  class space    used 3195K, capacity 3305K, committed 3328K, reserved 1048576K
}
Event: 3.761 GC heap before
{Heap before GC invocations=6 (full 0):
 garbage-first heap   total 41984K, used 26523K [0x00000000c9200000, 0x0000000100000000)
  region size 1024K, 20 young (20480K), 4 survivors (4096K)
 Metaspace       used 26512K, capacity 26811K, committed 26880K, reserved 1073152K
  class space    used 3208K, capacity 3305K, committed 3328K, reserved 1048576K
}
Event: 3.767 GC heap after
{Heap after GC invocations=7 (full 0):
 garbage-first heap   total 51200K, used 11598K [0x00000000c9200000, 0x0000000100000000)
  region size 1024K, 1 young (1024K), 1 survivors (1024K)
 Metaspace       used 26512K, capacity 26811K, committed 26880K, reserved 1073152K
  class space    used 3208K, capacity 3305K, committed 3328K, reserved 1048576K
}
Event: 3.856 GC heap before
{Heap before GC invocations=8 (full 0):
 garbage-first heap   total 51200K, used 35150K [0x00000000c9200000, 0x0000000100000000)
  region size 1024K, 25 young (25600K), 1 survivors (1024K)
 Metaspace       used 27861K, capacity 28155K, committed 28288K, reserved 1075200K
  class space    used 3325K, capacity 3433K, committed 3456K, reserved 1048576K
}
Event: 3.857 GC heap after
{Heap after GC invocations=9 (full 0):
 garbage-first heap   total 51200K, used 11322K [0x00000000c9200000, 0x0000000100000000)
  region size 1024K, 1 young (1024K), 1 survivors (1024K)
 Metaspace       used 27861K, capacity 28155K, committed 28288K, reserved 1075200K
  class space    used 3325K, capacity 3433K, committed 3456K, reserved 1048576K
}
Event: 4.458 GC heap before
{Heap before GC invocations=9 (full 0):
 garbage-first heap   total 51200K, used 35898K [0x00000000c9200000, 0x0000000100000000)
  region size 1024K, 26 young (26624K), 1 survivors (1024K)
 Metaspace       used 30941K, capacity 31374K, committed 31616K, reserved 1077248K
  class space    used 3750K, capacity 3905K, committed 3968K, reserved 1048576K
}
Event: 4.463 GC heap after
{Heap after GC invocations=10 (full 0):
 garbage-first heap   total 51200K, used 12689K [0x00000000c9200000, 0x0000000100000000)
  region size 1024K, 2 young (2048K), 2 survivors (2048K)
 Metaspace       used 30941K, capacity 31374K, committed 31616K, reserved 1077248K
  class space    used 3750K, capacity 3905K, committed 3968K, reserved 1048576K
}
Event: 5.635 GC heap before
{Heap before GC invocations=10 (full 0):
 garbage-first heap   total 51200K, used 38289K [0x00000000c9200000, 0x0000000100000000)
  region size 1024K, 27 young (27648K), 2 survivors (2048K)
 Metaspace       used 34870K, capacity 35337K, committed 35584K, reserved 1081344K
  class space    used 4328K, capacity 4509K, committed 4608K, reserved 1048576K
}
Event: 5.649 GC heap after
{Heap after GC invocations=11 (full 0):
 garbage-first heap   total 51200K, used 14726K [0x00000000c9200000, 0x0000000100000000)
  region size 1024K, 4 young (4096K), 4 survivors (4096K)
 Metaspace       used 34870K, capacity 35337K, committed 35584K, reserved 1081344K
  class space    used 4328K, capacity 4509K, committed 4608K, reserved 1048576K
}
Event: 6.325 GC heap before
{Heap before GC invocations=11 (full 0):
 garbage-first heap   total 51200K, used 37254K [0x00000000c9200000, 0x0000000100000000)
  region size 1024K, 27 young (27648K), 4 survivors (4096K)
 Metaspace       used 37829K, capacity 38238K, committed 38400K, reserved 1083392K
  class space    used 4682K, capacity 4835K, committed 4864K, reserved 1048576K
}
Event: 6.343 GC heap after
{Heap after GC invocations=12 (full 0):
 garbage-first heap   total 51200K, used 16598K [0x00000000c9200000, 0x0000000100000000)
  region size 1024K, 2 young (2048K), 2 survivors (2048K)
 Metaspace       used 37829K, capacity 38238K, committed 38400K, reserved 1083392K
  class space    used 4682K, capacity 4835K, committed 4864K, reserved 1048576K
}
Event: 6.355 GC heap before
{Heap before GC invocations=12 (full 0):
 garbage-first heap   total 51200K, used 38102K [0x00000000c9200000, 0x0000000100000000)
  region size 1024K, 24 young (24576K), 2 survivors (2048K)
 Metaspace       used 37829K, capacity 38238K, committed 38400K, reserved 1083392K
  class space    used 4682K, capacity 4835K, committed 4864K, reserved 1048576K
}
Event: 6.361 GC heap after
{Heap after GC invocations=13 (full 0):
 garbage-first heap   total 61440K, used 16577K [0x00000000c9200000, 0x0000000100000000)
  region size 1024K, 1 young (1024K), 1 survivors (1024K)
 Metaspace       used 37829K, capacity 38238K, committed 38400K, reserved 1083392K
  class space    used 4682K, capacity 4835K, committed 4864K, reserved 1048576K
}
Event: 7.211 GC heap before
{Heap before GC invocations=13 (full 0):
 garbage-first heap   total 61440K, used 46273K [0x00000000c9200000, 0x0000000100000000)
  region size 1024K, 31 young (31744K), 1 survivors (1024K)
 Metaspace       used 41665K, capacity 42151K, committed 42368K, reserved 1085440K
  class space    used 5229K, capacity 5414K, committed 5504K, reserved 1048576K
}
Event: 7.215 GC heap after
{Heap after GC invocations=14 (full 0):
 garbage-first heap   total 61440K, used 17725K [0x00000000c9200000, 0x0000000100000000)
  region size 1024K, 2 young (2048K), 2 survivors (2048K)
 Metaspace       used 41665K, capacity 42151K, committed 42368K, reserved 1085440K
  class space    used 5229K, capacity 5414K, committed 5504K, reserved 1048576K
}
Event: 7.647 GC heap before
{Heap before GC invocations=14 (full 0):
 garbage-first heap   total 61440K, used 27965K [0x00000000c9200000, 0x0000000100000000)
  region size 1024K, 13 young (13312K), 2 survivors (2048K)
 Metaspace       used 44637K, capacity 45104K, committed 45228K, reserved 1089536K
  class space    used 5699K, capacity 5864K, committed 5888K, reserved 1048576K
}
Event: 7.652 GC heap after
{Heap after GC invocations=15 (full 0):
 garbage-first heap   total 61440K, used 18612K [0x00000000c9200000, 0x0000000100000000)
  region size 1024K, 3 young (3072K), 3 survivors (3072K)
 Metaspace       used 44637K, capacity 45104K, committed 45228K, reserved 1089536K
  class space    used 5699K, capacity 5864K, committed 5888K, reserved 1048576K
}
Event: 7.904 GC heap before
{Heap before GC invocations=16 (full 0):
 garbage-first heap   total 61440K, used 23732K [0x00000000c9200000, 0x0000000100000000)
  region size 1024K, 10 young (10240K), 3 survivors (3072K)
 Metaspace       used 46048K, capacity 46448K, committed 46584K, reserved 1095680K
  class space    used 5865K, capacity 5992K, committed 6016K, reserved 1048576K
}
Event: 7.909 GC heap after
{Heap after GC invocations=17 (full 0):
 garbage-first heap   total 61440K, used 19746K [0x00000000c9200000, 0x0000000100000000)
  region size 1024K, 4 young (4096K), 4 survivors (4096K)
 Metaspace       used 46048K, capacity 46448K, committed 46584K, reserved 1095680K
  class space    used 5865K, capacity 5992K, committed 6016K, reserved 1048576K
}

Deoptimization events (0 events):
No events

Classes unloaded (0 events):
No events

Classes redefined (0 events):
No events

Internal exceptions (20 events):
Event: 5.459 Thread 0x000001ed7a42f910 Exception <a 'java/lang/ClassNotFoundException'{0x00000000caff6970}: org/springframework/aop/framework/AopInfrastructureBeanCustomizer> (0x00000000caff6970) 
thrown [./open/src/hotspot/share/classfile/systemDictionary.cpp, line 295]
Event: 5.549 Thread 0x000001ed7a42f910 Exception <a 'java/lang/ClassNotFoundException'{0x00000000cac317e0}: java/lang/ObjectCustomizer> (0x00000000cac317e0) 
thrown [./open/src/hotspot/share/classfile/systemDictionary.cpp, line 295]
Event: 5.550 Thread 0x000001ed7a42f910 Exception <a 'java/lang/ClassNotFoundException'{0x00000000cac38d58}: org/springframework/transaction/annotation/AbstractTransactionManagementConfigurationCustomizer> (0x00000000cac38d58) 
thrown [./open/src/hotspot/share/classfile/systemDictionary.cpp, line 295]
Event: 5.552 Thread 0x000001ed7a42f910 Exception <a 'java/lang/ClassNotFoundException'{0x00000000cac3f2e8}: org/springframework/transaction/annotation/ProxyTransactionManagementConfigurationCustomizer> (0x00000000cac3f2e8) 
thrown [./open/src/hotspot/share/classfile/systemDictionary.cpp, line 295]
Event: 5.553 Thread 0x000001ed7a42f910 Exception <a 'java/lang/ClassNotFoundException'{0x00000000cac46c50}: org/springframework/context/annotation/ImportAwareCustomizer> (0x00000000cac46c50) 
thrown [./open/src/hotspot/share/classfile/systemDictionary.cpp, line 295]
Event: 5.555 Thread 0x000001ed7a42f910 Exception <a 'java/lang/ClassNotFoundException'{0x00000000cac4b660}: org/springframework/beans/factory/AwareCustomizer> (0x00000000cac4b660) 
thrown [./open/src/hotspot/share/classfile/systemDictionary.cpp, line 295]
Event: 5.650 Thread 0x000001ed7a42f910 Exception <a 'java/lang/NoSuchMethodError'{0x00000000cc9024b0}: 'java.lang.Object java.lang.invoke.DirectMethodHandle$Holder.invokeSpecialIFC(java.lang.Object, java.lang.Object, java.lang.Object)'> (0x00000000cc9024b0) 
thrown [./open/src/hotspot/share/interpreter/linkResolver.cpp, line 782]
Event: 5.736 Thread 0x000001ed1244dae0 Exception <a 'java/lang/reflect/InvocationTargetException'{0x00000000cc5661e0}> (0x00000000cc5661e0) 
thrown [./open/src/hotspot/share/runtime/reflection.cpp, line 1157]
Event: 5.838 Thread 0x000001ed7a42f910 Exception <a 'java/lang/NoSuchMethodError'{0x00000000cc0a6d28}: 'void java.lang.invoke.DirectMethodHandle$Holder.invokeInterface(java.lang.Object, java.lang.Object, int)'> (0x00000000cc0a6d28) 
thrown [./open/src/hotspot/share/interpreter/linkResolver.cpp, line 782]
Event: 5.841 Thread 0x000001ed7a42f910 Exception <a 'java/lang/NoSuchMethodError'{0x00000000cc0c2588}: 'int java.lang.invoke.DirectMethodHandle$Holder.invokeVirtual(java.lang.Object, java.lang.Object)'> (0x00000000cc0c2588) 
thrown [./open/src/hotspot/share/interpreter/linkResolver.cpp, line 782]
Event: 5.847 Thread 0x000001ed7a42f910 Exception <a 'java/lang/IncompatibleClassChangeError'{0x00000000cbf00ac8}: Found class java.lang.Object, but interface was expected> (0x00000000cbf00ac8) 
thrown [./open/src/hotspot/share/interpreter/linkResolver.cpp, line 848]
Event: 5.848 Thread 0x000001ed7a42f910 Exception <a 'java/lang/NoSuchMethodError'{0x00000000cbf061b0}: 'void java.lang.invoke.DirectMethodHandle$Holder.invokeStatic(java.lang.Object, int, java.lang.Object)'> (0x00000000cbf061b0) 
thrown [./open/src/hotspot/share/interpreter/linkResolver.cpp, line 782]
Event: 5.853 Thread 0x000001ed7a42f910 Exception <a 'java/lang/NoSuchMethodError'{0x00000000cbf364e8}: 'int java.lang.invoke.DirectMethodHandle$Holder.invokeSpecial(java.lang.Object, java.lang.Object, int)'> (0x00000000cbf364e8) 
thrown [./open/src/hotspot/share/interpreter/linkResolver.cpp, line 782]
Event: 6.240 Thread 0x000001ed1244dae0 Exception <a 'java/lang/reflect/InvocationTargetException'{0x00000000cc56a478}> (0x00000000cc56a478) 
thrown [./open/src/hotspot/share/runtime/reflection.cpp, line 1157]
Event: 6.436 Thread 0x000001ed7a42f910 Exception <a 'java/io/FileNotFoundException'{0x00000000cc36fd50}> (0x00000000cc36fd50) 
thrown [./open/src/hotspot/share/prims/jni.cpp, line 578]
Event: 6.493 Thread 0x000001ed7a42f910 Exception <a 'java/lang/NoSuchMethodError'{0x00000000cc113210}: 'int java.lang.invoke.DirectMethodHandle$Holder.invokeInterface(java.lang.Object, java.lang.Object, java.lang.Object, java.lang.Object)'> (0x00000000cc113210) 
thrown [./open/src/hotspot/share/interpreter/linkResolver.cpp, line 782]
Event: 6.579 Thread 0x000001ed7a42f910 Exception <a 'java/io/FileNotFoundException'{0x00000000cc0f3740}> (0x00000000cc0f3740) 
thrown [./open/src/hotspot/share/prims/jni.cpp, line 578]
Event: 6.744 Thread 0x000001ed1244dae0 Exception <a 'java/lang/reflect/InvocationTargetException'{0x00000000cb901e18}> (0x00000000cb901e18) 
thrown [./open/src/hotspot/share/runtime/reflection.cpp, line 1157]
Event: 7.248 Thread 0x000001ed1244dae0 Exception <a 'java/lang/reflect/InvocationTargetException'{0x00000000ccc01e18}> (0x00000000ccc01e18) 
thrown [./open/src/hotspot/share/runtime/reflection.cpp, line 1157]
Event: 7.777 Thread 0x000001ed1244dae0 Exception <a 'java/lang/reflect/InvocationTargetException'{0x00000000cca01e18}> (0x00000000cca01e18) 
thrown [./open/src/hotspot/share/runtime/reflection.cpp, line 1157]

Events (20 events):
Event: 7.898 loading class sun/nio/cs/ISO_8859_9 done
Event: 7.898 loading class sun/nio/cs/IBM850
Event: 7.898 loading class sun/nio/cs/IBM850 done
Event: 7.899 loading class sun/nio/cs/IBM437
Event: 7.899 loading class sun/nio/cs/IBM437 done
Event: 7.899 loading class sun/nio/cs/IBM852
Event: 7.899 loading class sun/nio/cs/IBM852 done
Event: 7.899 loading class sun/nio/cs/IBM866
Event: 7.899 loading class sun/nio/cs/IBM866 done
Event: 7.900 loading class sun/nio/cs/KOI8_R
Event: 7.900 loading class sun/nio/cs/KOI8_R done
Event: 7.901 loading class sun/nio/cs/MS1250
Event: 7.901 loading class sun/nio/cs/MS1250 done
Event: 7.901 loading class sun/nio/cs/MS1251
Event: 7.901 loading class sun/nio/cs/MS1251 done
Event: 7.902 loading class sun/nio/cs/MS1256
Event: 7.902 loading class sun/nio/cs/MS1256 done
Event: 7.902 loading class sun/nio/cs/MS1257
Event: 7.902 loading class sun/nio/cs/MS1257 done
Event: 7.903 Executing VM operation: CollectForMetadataAllocation


Dynamic libraries:
0x00007ff712680000 - 0x00007ff71268d000 	C:\Users\Daniel\.p2\pool\plugins\org.eclipse.justj.openjdk.hotspot.jre.full.win32.x86_64_15.0.2.v20210201-0955\jre\bin\javaw.exe
0x00007fff04790000 - 0x00007fff0497c000 	C:\Windows\SYSTEM32\ntdll.dll
0x00007fff02070000 - 0x00007fff02123000 	C:\Windows\System32\KERNEL32.DLL
0x00007fff00ac0000 - 0x00007fff00d54000 	C:\Windows\System32\KERNELBASE.dll
0x00007fff00910000 - 0x00007fff00a0a000 	C:\Windows\System32\ucrtbase.dll
0x00007ffef1550000 - 0x00007ffef1568000 	C:\Users\Daniel\.p2\pool\plugins\org.eclipse.justj.openjdk.hotspot.jre.full.win32.x86_64_15.0.2.v20210201-0955\jre\bin\jli.dll
0x00007fff044f0000 - 0x00007fff04687000 	C:\Windows\System32\USER32.dll
0x00007fff008f0000 - 0x00007fff00910000 	C:\Windows\System32\win32u.dll
0x00007fff04180000 - 0x00007fff041a9000 	C:\Windows\System32\GDI32.dll
0x00007fff00d60000 - 0x00007fff00efc000 	C:\Windows\System32\gdi32full.dll
0x00007fff00850000 - 0x00007fff008f0000 	C:\Windows\System32\msvcp_win.dll
0x00007ffeebd40000 - 0x00007ffeebd59000 	C:\Users\Daniel\.p2\pool\plugins\org.eclipse.justj.openjdk.hotspot.jre.full.win32.x86_64_15.0.2.v20210201-0955\jre\bin\VCRUNTIME140.dll
0x00007ffeeebb0000 - 0x00007ffeeee29000 	C:\Windows\WinSxS\amd64_microsoft.windows.common-controls_6595b64144ccf1df_6.0.17763.1879_none_de7416585348d805\COMCTL32.dll
0x00007fff01fd0000 - 0x00007fff0206e000 	C:\Windows\System32\msvcrt.dll
0x00007fff019c0000 - 0x00007fff01ced000 	C:\Windows\System32\combase.dll
0x00007fff03ef0000 - 0x00007fff0400f000 	C:\Windows\System32\RPCRT4.dll
0x00007fff01140000 - 0x00007fff011bf000 	C:\Windows\System32\bcryptPrimitives.dll
0x00007fff01cf0000 - 0x00007fff01d1e000 	C:\Windows\System32\IMM32.DLL
0x00007ffefc1d0000 - 0x00007ffefc1dc000 	C:\Users\Daniel\.p2\pool\plugins\org.eclipse.justj.openjdk.hotspot.jre.full.win32.x86_64_15.0.2.v20210201-0955\jre\bin\vcruntime140_1.dll
0x00007ffee94b0000 - 0x00007ffee9541000 	C:\Users\Daniel\.p2\pool\plugins\org.eclipse.justj.openjdk.hotspot.jre.full.win32.x86_64_15.0.2.v20210201-0955\jre\bin\msvcp140.dll
0x00007ffecc820000 - 0x00007ffecd37e000 	C:\Users\Daniel\.p2\pool\plugins\org.eclipse.justj.openjdk.hotspot.jre.full.win32.x86_64_15.0.2.v20210201-0955\jre\bin\server\jvm.dll
0x00007fff03e40000 - 0x00007fff03ee3000 	C:\Windows\System32\ADVAPI32.dll
0x00007fff03d90000 - 0x00007fff03e2e000 	C:\Windows\System32\sechost.dll
0x00007fff03e30000 - 0x00007fff03e38000 	C:\Windows\System32\PSAPI.DLL
0x00007ffef9b50000 - 0x00007ffef9b59000 	C:\Windows\SYSTEM32\WSOCK32.dll
0x00007fff03d20000 - 0x00007fff03d8d000 	C:\Windows\System32\WS2_32.dll
0x00007ffefe350000 - 0x00007ffefe374000 	C:\Windows\SYSTEM32\WINMM.dll
0x00007ffefbbf0000 - 0x00007ffefbbfa000 	C:\Windows\SYSTEM32\VERSION.dll
0x00007ffefe150000 - 0x00007ffefe17d000 	C:\Windows\SYSTEM32\WINMMBASE.dll
0x00007fff00f00000 - 0x00007fff00f4a000 	C:\Windows\System32\cfgmgr32.dll
0x00007fff00810000 - 0x00007fff00821000 	C:\Windows\System32\kernel.appcore.dll
0x00007ffef9ab0000 - 0x00007ffef9aba000 	C:\Users\Daniel\.p2\pool\plugins\org.eclipse.justj.openjdk.hotspot.jre.full.win32.x86_64_15.0.2.v20210201-0955\jre\bin\jimage.dll
0x00007ffef7620000 - 0x00007ffef780d000 	C:\Windows\SYSTEM32\DBGHELP.DLL
0x00007ffef7530000 - 0x00007ffef755a000 	C:\Windows\SYSTEM32\dbgcore.DLL
0x00007ffef4660000 - 0x00007ffef4685000 	C:\Users\Daniel\.p2\pool\plugins\org.eclipse.justj.openjdk.hotspot.jre.full.win32.x86_64_15.0.2.v20210201-0955\jre\bin\java.dll
0x00007ffef7e00000 - 0x00007ffef7e18000 	C:\Users\Daniel\.p2\pool\plugins\org.eclipse.justj.openjdk.hotspot.jre.full.win32.x86_64_15.0.2.v20210201-0955\jre\bin\zip.dll
0x00007fff027a0000 - 0x00007fff03c99000 	C:\Windows\System32\SHELL32.dll
0x00007fff02190000 - 0x00007fff02238000 	C:\Windows\System32\shcore.dll
0x00007fff01270000 - 0x00007fff019bb000 	C:\Windows\System32\windows.storage.dll
0x00007fff00780000 - 0x00007fff007a4000 	C:\Windows\System32\profapi.dll
0x00007fff007b0000 - 0x00007fff0080d000 	C:\Windows\System32\powrprof.dll
0x00007fff02250000 - 0x00007fff022a2000 	C:\Windows\System32\shlwapi.dll
0x00007fff00aa0000 - 0x00007fff00ab7000 	C:\Windows\System32\cryptsp.dll
0x00007ffef6120000 - 0x00007ffef6139000 	C:\Users\Daniel\.p2\pool\plugins\org.eclipse.justj.openjdk.hotspot.jre.full.win32.x86_64_15.0.2.v20210201-0955\jre\bin\net.dll
0x00007ffef69f0000 - 0x00007ffef6aec000 	C:\Windows\SYSTEM32\WINHTTP.dll
0x00007ffefff60000 - 0x00007ffefffc7000 	C:\Windows\system32\mswsock.dll
0x00007ffef6100000 - 0x00007ffef6112000 	C:\Users\Daniel\.p2\pool\plugins\org.eclipse.justj.openjdk.hotspot.jre.full.win32.x86_64_15.0.2.v20210201-0955\jre\bin\nio.dll
0x00007ffef6900000 - 0x00007ffef6909000 	C:\Users\Daniel\.p2\pool\plugins\org.eclipse.justj.openjdk.hotspot.jre.full.win32.x86_64_15.0.2.v20210201-0955\jre\bin\management.dll
0x00007ffef65a0000 - 0x00007ffef65ab000 	C:\Users\Daniel\.p2\pool\plugins\org.eclipse.justj.openjdk.hotspot.jre.full.win32.x86_64_15.0.2.v20210201-0955\jre\bin\management_ext.dll
0x00007ffefc770000 - 0x00007ffefc786000 	C:\Windows\system32\napinsp.dll
0x00007ffefc7b0000 - 0x00007ffefc7ca000 	C:\Windows\system32\pnrpnsp.dll
0x00007ffeffcc0000 - 0x00007ffeffd86000 	C:\Windows\SYSTEM32\DNSAPI.dll
0x00007fff02240000 - 0x00007fff02248000 	C:\Windows\System32\NSI.dll
0x00007ffeffc80000 - 0x00007ffeffcbd000 	C:\Windows\SYSTEM32\IPHLPAPI.DLL
0x00007ffefc7a0000 - 0x00007ffefc7ae000 	C:\Windows\System32\winrnr.dll
0x00007ffef8d60000 - 0x00007ffef8d7b000 	C:\Windows\system32\NLAapi.dll
0x00007ffefc2a0000 - 0x00007ffefc2b5000 	C:\Windows\system32\wshbth.dll
0x00007ffef6350000 - 0x00007ffef635a000 	C:\Windows\System32\rasadhlp.dll
0x00007ffef72b0000 - 0x00007ffef7329000 	C:\Windows\System32\fwpuclnt.dll
0x00007fff00a10000 - 0x00007fff00a36000 	C:\Windows\System32\bcrypt.dll
0x00007ffeffaf0000 - 0x00007ffeffb23000 	C:\Windows\system32\rsaenh.dll
0x00007fff00680000 - 0x00007fff006a9000 	C:\Windows\SYSTEM32\USERENV.dll
0x00007fff00190000 - 0x00007fff0019c000 	C:\Windows\SYSTEM32\CRYPTBASE.dll
0x00007ffef8d40000 - 0x00007ffef8d56000 	C:\Windows\SYSTEM32\dhcpcsvc6.DLL
0x00007ffef8d20000 - 0x00007ffef8d3c000 	C:\Windows\SYSTEM32\dhcpcsvc.DLL
0x00007ffef8070000 - 0x00007ffef8080000 	C:\Users\Daniel\.p2\pool\plugins\org.eclipse.justj.openjdk.hotspot.jre.full.win32.x86_64_15.0.2.v20210201-0955\jre\bin\verify.dll

dbghelp: loaded successfully - version: 4.0.5 - missing functions: none
symbol engine: initialized successfully - sym options: 0x614 - pdb path: .;C:\Users\Daniel\.p2\pool\plugins\org.eclipse.justj.openjdk.hotspot.jre.full.win32.x86_64_15.0.2.v20210201-0955\jre\bin;C:\Windows\SYSTEM32;C:\Windows\WinSxS\amd64_microsoft.windows.common-controls_6595b64144ccf1df_6.0.17763.1879_none_de7416585348d805;C:\Users\Daniel\.p2\pool\plugins\org.eclipse.justj.openjdk.hotspot.jre.full.win32.x86_64_15.0.2.v20210201-0955\jre\bin\server

VM Arguments:
jvm_args: -Dcom.sun.management.jmxremote -Dcom.sun.management.jmxremote.port=52864 -Dcom.sun.management.jmxremote.authenticate=false -Dcom.sun.management.jmxremote.ssl=false -Djava.rmi.server.hostname=localhost -Dspring.jmx.enabled=true -Dspring.application.admin.enabled=true -XX:TieredStopAtLevel=1 -Dspring.boot.project.name=backendninja -Dfile.encoding=UTF-8 -XX:+ShowCodeDetailsInExceptionMessages 
java_command: com.udemy.BackendninjaApplication
java_class_path (initial): C:\Users\Daniel\eclipse-workspace\backendninja\target\classes;C:\Users\Daniel\.m2\repository\org\springframework\boot\spring-boot-starter-thymeleaf\2.4.5\spring-boot-starter-thymeleaf-2.4.5.jar;C:\Users\Daniel\.m2\repository\org\springframework\boot\spring-boot-starter\2.4.5\spring-boot-starter-2.4.5.jar;C:\Users\Daniel\.m2\repository\org\springframework\boot\spring-boot\2.4.5\spring-boot-2.4.5.jar;C:\Users\Daniel\.m2\repository\org\springframework\boot\spring-boot-autoconfigure\2.4.5\spring-boot-autoconfigure-2.4.5.jar;C:\Users\Daniel\.m2\repository\org\springframework\boot\spring-boot-starter-logging\2.4.5\spring-boot-starter-logging-2.4.5.jar;C:\Users\Daniel\.m2\repository\ch\qos\logback\logback-classic\1.2.3\logback-classic-1.2.3.jar;C:\Users\Daniel\.m2\repository\ch\qos\logback\logback-core\1.2.3\logback-core-1.2.3.jar;C:\Users\Daniel\.m2\repository\org\apache\logging\log4j\log4j-to-slf4j\2.13.3\log4j-to-slf4j-2.13.3.jar;C:\Users\Daniel\.m2\repository\org\apache\logging\log4j\log4j-api\2.13.3\log4j-api-2.13.3.jar;C:\Users\Daniel\.m2\repository\org\slf4j\jul-to-slf4j\1.7.30\jul-to-slf4j-1.7.30.jar;C:\Users\Daniel\.m2\repository\jakarta\annotation\jakarta.annotation-api\1.3.5\jakarta.annotation-api-1.3.5.jar;C:\Users\Daniel\.m2\repository\org\yaml\snakeyaml\1.27\snakeyaml-1.27.jar;C:\Users\Daniel\.m2\repository\org\thymeleaf\thymeleaf-spring5\3.0.12.RELEASE\thymeleaf-spring5-3.0.12.RELEASE.jar;C:\Users\Daniel\.m2\repository\org\thymeleaf\thymeleaf\3.0.12.RELEASE\thymeleaf-3.0.12.RELEASE.jar;C:\Users\Daniel\.m2\repository\org\attoparser\attoparser\2.0.5.RELEASE\attoparser-2.0.5.RELEASE.jar;C:\Users\Daniel\.m2\repository\org\unbescape\unbescape\1.1.6.RELEASE\unbescape-1.1.6.RELEASE.jar;C:\Users\Daniel\.m2\repository\org\slf4j\slf4j-api\1.7.30\slf4j-api-1.7.30.jar;C:\Users\Daniel\.m2\repository\org\thymeleaf\extras\thymeleaf-extras-java8time\3.0.4.RELEASE\thymeleaf-extras-java8time-3.0.4.RELEASE.jar;C:\Users\Daniel\.m2\repository\org\spr
Launcher Type: SUN_STANDARD

[Global flags]
     intx CICompilerCount                          = 3                                         {product} {ergonomic}
     uint ConcGCThreads                            = 1                                         {product} {ergonomic}
     uint G1ConcRefinementThreads                  = 4                                         {product} {ergonomic}
   size_t G1HeapRegionSize                         = 1048576                                   {product} {ergonomic}
    uintx GCDrainStackTargetSize                   = 64                                        {product} {ergonomic}
   size_t InitialHeapSize                          = 58720256                                  {product} {ergonomic}
     bool ManagementServer                         = true                                      {product} {command line}
   size_t MarkStackSize                            = 4194304                                   {product} {ergonomic}
   size_t MaxHeapSize                              = 920649728                                 {product} {ergonomic}
   size_t MaxNewSize                               = 551550976                                 {product} {ergonomic}
   size_t MinHeapDeltaBytes                        = 1048576                                   {product} {ergonomic}
   size_t MinHeapSize                              = 8388608                                   {product} {ergonomic}
    uintx NonNMethodCodeHeapSize                   = 6973028                                {pd product} {ergonomic}
    uintx NonProfiledCodeHeapSize                  = 244685212                              {pd product} {ergonomic}
    uintx ProfiledCodeHeapSize                     = 0                                      {pd product} {ergonomic}
    uintx ReservedCodeCacheSize                    = 251658240                              {pd product} {ergonomic}
     bool SegmentedCodeCache                       = true                                      {product} {ergonomic}
     bool ShowCodeDetailsInExceptionMessages       = true                                   {manageable} {command line}
   size_t SoftMaxHeapSize                          = 920649728                              {manageable} {ergonomic}
     intx TieredStopAtLevel                        = 1                                         {product} {command line}
     bool UseCompressedClassPointers               = true                                 {lp64_product} {ergonomic}
     bool UseCompressedOops                        = true                                 {lp64_product} {ergonomic}
     bool UseG1GC                                  = true                                      {product} {ergonomic}
     bool UseLargePagesIndividualAllocation        = false                                  {pd product} {ergonomic}

Logging:
Log output configuration:
 #0: stdout all=warning uptime,level,tags
 #1: stderr all=off uptime,level,tags

Environment Variables:
JAVA_HOME=C:\Program Files\Java\jdk1.8.0_281
PATH=C:/Users/Daniel/.p2/pool/plugins/org.eclipse.justj.openjdk.hotspot.jre.full.win32.x86_64_15.0.2.v20210201-0955/jre/bin/server;C:/Users/Daniel/.p2/pool/plugins/org.eclipse.justj.openjdk.hotspot.jre.full.win32.x86_64_15.0.2.v20210201-0955/jre/bin;C:\Users\Daniel\AppData\Local\Programs\Python\Python39\Scripts\;C:\Users\Daniel\AppData\Local\Programs\Python\Python39\;C:\Program Files (x86)\Common Files\Oracle\Java\javapath;C:\Windows\system32;C:\Windows;C:\Windows\System32\Wbem;C:\Windows\System32\WindowsPowerShell\v1.0\;C:\Windows\System32\OpenSSH\;C:\Program Files\Git\cmd;C:\Program Files\Java\jdk1.8.0_281\bin;C:\apache-maven-3.8.1\bin;C:\Program Files\nodejs\;C:\ProgramData\chocolatey\bin;C:\Users\Daniel\AppData\Local\Microsoft\WindowsApps;C:\Users\Daniel\AppData\Local\Programs\Microsoft VS Code\bin;C:\Program Files\MongoDB\Server\4.4\bin;C:\Users\Daniel\AppData\Roaming\npm;C:\apache-maven-3.8.1\bin;;C:\Users\Daniel\eclipse\java-2020-12\eclipse;
USERNAME=Daniel
OS=Windows_NT
PROCESSOR_IDENTIFIER=AMD64 Family 22 Model 48 Stepping 1, AuthenticAMD



---------------  S Y S T E M  ---------------

OS:
 Windows 10 , 64 bit Build 17763 (10.0.17763.1879)
OS uptime: 1 days 21:40 hours

CPU: total 4 (initial active 4) (4 cores per cpu, 1 threads per core) family 22 model 48 stepping 1 microcode 0x0, cmov, cx8, fxsr, mmx, sse, sse2, sse3, ssse3, sse4.1, sse4.2, popcnt, vzeroupper, avx, aes, clmul, 3dnowpref, lzcnt, sse4a, tsc, tscinvbit, tscinv, bmi1, clflush

Memory: 4k page, system-wide physical 3504M (382M free)
TotalPageFile size 7600M (AvailPageFile size 3M)
current process WorkingSet (physical memory assigned to process): 163M, peak: 163M
current process commit charge ("private bytes"): 190M, peak: 191M

vm_info: OpenJDK 64-Bit Server VM (15.0.2+7-27) for windows-amd64 JRE (15.0.2+7-27), built on Dec  7 2020 20:02:38 by "mach5one" with unknown MS VC++:1925

END.
